<?xml version="1.0" encoding="UTF-8"?>
<testng-results skipped="0" failed="0" total="1" passed="1">
  <reporter-output>
  </reporter-output>
  <suite name="Default suite" duration-ms="29563" started-at="2017-07-29T13:34:31Z" finished-at="2017-07-29T13:35:01Z">
    <groups>
    </groups>
    <test name="Default test" duration-ms="29563" started-at="2017-07-29T13:34:31Z" finished-at="2017-07-29T13:35:01Z">
      <class name="com.scp.selenium4.seleniumDemo.RegisterPageAutomation">
        <test-method status="PASS" signature="method1()[pri:0, instance:com.scp.selenium4.seleniumDemo.RegisterPageAutomation@224edc67]" name="method1" duration-ms="29541" started-at="2017-07-29T19:04:31Z" finished-at="2017-07-29T19:05:01Z">
          <reporter-output>
          </reporter-output>
        </test-method> <!-- method1 -->
      </class> <!-- com.scp.selenium4.seleniumDemo.RegisterPageAutomation -->
    </test> <!-- Default test -->
  </suite> <!-- Default suite -->
</testng-results>
